<?xml version="1.0" encoding="UTF-8"?>
<testng-results ignored="0" total="1" passed="1" failed="0" skipped="0">
  <reporter-output>
    <line>
      <![CDATA[hgghj]]>
    </line>
  </reporter-output>
  <suite started-at="2025-03-09T10:55:50 IST" name="Suite" finished-at="2025-03-09T10:55:50 IST" duration-ms="120">
    <groups>
    </groups>
    <test started-at="2025-03-09T10:55:50 IST" name="Test" finished-at="2025-03-09T10:55:50 IST" duration-ms="120">
      <class name="com.tissolve.testscript.ChatsModule">
        <test-method signature="test()[pri:0, instance:com.tissolve.testscript.ChatsModule@6adbc9d]" started-at="2025-03-09T10:55:50 IST" name="test" finished-at="2025-03-09T10:55:50 IST" duration-ms="18" status="PASS">
          <reporter-output>
            <line>
              <![CDATA[hgghj]]>
            </line>
          </reporter-output>
        </test-method> <!-- test -->
      </class> <!-- com.tissolve.testscript.ChatsModule -->
    </test> <!-- Test -->
  </suite> <!-- Suite -->
</testng-results>
